0 verbose cli /Users/M338688/.nvm/versions/node/v24.1.0/bin/node /opt/homebrew/lib/node_modules/npm/bin/npm-cli.js
1 info using npm@11.6.0
2 info using node@v24.1.0
3 silly config load:file:/opt/homebrew/lib/node_modules/npm/npmrc
4 warn Unknown env config "auto-install-peers". This will stop working in the next major version of npm.
5 silly config load:file:/Users/M338688/Downloads/gitaapp/bhagavad-gita-expo-app/.npmrc
6 warn Unknown project config "auto-install-peers". This will stop working in the next major version of npm.
7 silly config load:file:/Users/M338688/Downloads/gitaapp/bhagavad-gita-expo-app/.home/.npmrc
8 silly config load:file:/opt/homebrew/etc/npmrc
9 verbose title npm exec expo prebuild --no-install --platform android
10 verbose argv "exec" "--" "expo" "prebuild" "--no-install" "--platform" "android"
11 verbose logfile logs-max:10 dir:/Users/M338688/Downloads/gitaapp/bhagavad-gita-expo-app/.home/.npm/_logs/2026-05-17T09_29_35_447Z-
12 verbose logfile /Users/M338688/Downloads/gitaapp/bhagavad-gita-expo-app/.home/.npm/_logs/2026-05-17T09_29_35_447Z-debug-0.log
13 silly logfile done cleaning log files
14 verbose cwd /Users/M338688/Downloads/gitaapp/bhagavad-gita-expo-app
15 verbose os Darwin 25.4.0
16 verbose node v24.1.0
17 verbose npm  v11.6.0
18 verbose exit 0
19 info ok
